<?xml version="1.0" encoding="UTF-8"?>
<!-- Generated by org.testng.reporters.JUnitReportReporter -->
<testsuite hostname="User" name="com.tst.test.ProductPageTest" tests="1" failures="0" timestamp="14 Feb 2020 06:51:20 GMT" time="8.943" errors="0">
  <testcase name="VerifyProductAddToCart" time="8.943" classname="com.tst.test.ProductPageTest"/>
</testsuite> <!-- com.tst.test.ProductPageTest -->
